build/app/intermediates/manifest_merge_blame_file/debug/manifest-merger-blame-debug-report.txt
1<?xml version="1.0" encoding="utf-8"?>
2<manifest xmlns:android="http://schemas.android.com/apk/res/android"
3    package="com.example.official_road_degradation_app"
4    android:versionCode="1"
5    android:versionName="1.0.0" >
6
7    <uses-sdk
8        android:minSdkVersion="19"
9        android:targetSdkVersion="30" />
10    <!--
11         Flutter needs it to communicate with the running application
12         to allow setting breakpoints, to provide hot reload, etc.
13    -->
14    <uses-permission android:name="android.permission.INTERNET" />
14-->src/debug/AndroidManifest.xml:6:5-66
14-->src/debug/AndroidManifest.xml:6:22-64
15    <!--
16     io.flutter.app.FlutterApplication is an android.app.Application that
17         calls FlutterMain.startInitialization(this); in its onCreate method.
18         In most cases you can leave this as-is, but you if you want to provide
19         additional functionality it is fine to subclass or reimplement
20         FlutterApplication and put your custom class here.
21    -->
22    <uses-permission android:name="android.permission.ACCESS_FINE_LOCATION" />
22-->src/main/AndroidManifest.xml:8:5-79
22-->src/main/AndroidManifest.xml:8:22-76
23    <uses-permission android:name="android.permission.ACCESS_COARSE_LOCATION" />
23-->src/main/AndroidManifest.xml:9:5-81
23-->src/main/AndroidManifest.xml:9:22-78
24    <uses-permission android:name="android.permission.READ_EXTERNAL_STORAGE" />
24-->[:image_picker] AndroidManifest.xml:7:5-80
24-->[:image_picker] AndroidManifest.xml:7:22-77
25    <uses-permission android:name="android.permission.WRITE_EXTERNAL_STORAGE" /> <!-- Although the *SdkVersion is captured in gradle build files, this is required for non gradle builds -->
25-->[:image_picker] AndroidManifest.xml:8:5-81
25-->[:image_picker] AndroidManifest.xml:8:22-78
26    <!-- <uses-sdk android:minSdkVersion="14"/> -->
27    <uses-permission android:name="android.permission.ACCESS_NETWORK_STATE" />
27-->[com.google.firebase:firebase-database:19.7.0] AndroidManifest.xml:25:5-79
27-->[com.google.firebase:firebase-database:19.7.0] AndroidManifest.xml:25:22-76
28    <uses-permission android:name="android.permission.WAKE_LOCK" />
28-->[com.google.android.gms:play-services-measurement-api:18.0.2] AndroidManifest.xml:24:5-68
28-->[com.google.android.gms:play-services-measurement-api:18.0.2] AndroidManifest.xml:24:22-65
29    <uses-permission android:name="com.google.android.finsky.permission.BIND_GET_INSTALL_REFERRER_SERVICE" />
29-->[com.google.android.gms:play-services-measurement:18.0.2] AndroidManifest.xml:26:5-110
29-->[com.google.android.gms:play-services-measurement:18.0.2] AndroidManifest.xml:26:22-107
30
31    <application
31-->src/main/AndroidManifest.xml:10:5-31:19
32        android:name="io.flutter.app.FlutterApplication"
32-->src/main/AndroidManifest.xml:11:9-57
33        android:appComponentFactory="androidx.core.app.CoreComponentFactory"
33-->[androidx.core:core:1.2.0] AndroidManifest.xml:24:18-86
34        android:debuggable="true"
35        android:icon="@mipmap/ic_launcher"
35-->src/main/AndroidManifest.xml:13:9-43
36        android:label="official_road_degradation_app" >
36-->src/main/AndroidManifest.xml:12:9-54
37        <activity
37-->src/main/AndroidManifest.xml:14:9-25:20
38            android:name="com.example.official_road_degradation_app.MainActivity"
38-->src/main/AndroidManifest.xml:15:13-41
39            android:configChanges="orientation|keyboardHidden|keyboard|screenSize|smallestScreenSize|locale|layoutDirection|fontScale|screenLayout|density|uiMode"
39-->src/main/AndroidManifest.xml:18:13-163
40            android:hardwareAccelerated="true"
40-->src/main/AndroidManifest.xml:19:13-47
41            android:launchMode="singleTop"
41-->src/main/AndroidManifest.xml:16:13-43
42            android:theme="@style/LaunchTheme"
42-->src/main/AndroidManifest.xml:17:13-47
43            android:windowSoftInputMode="adjustResize" >
43-->src/main/AndroidManifest.xml:20:13-55
44            <intent-filter>
44-->src/main/AndroidManifest.xml:21:13-24:29
45                <action android:name="android.intent.action.MAIN" />
45-->src/main/AndroidManifest.xml:22:17-68
45-->src/main/AndroidManifest.xml:22:25-66
46
47                <category android:name="android.intent.category.LAUNCHER" />
47-->src/main/AndroidManifest.xml:23:17-76
47-->src/main/AndroidManifest.xml:23:27-74
48            </intent-filter>
49        </activity>
50        <!--
51             Don't delete the meta-data below.
52             This is used by the Flutter tool to generate GeneratedPluginRegistrant.java
53        -->
54        <meta-data
54-->src/main/AndroidManifest.xml:28:9-30:33
55            android:name="flutterEmbedding"
55-->src/main/AndroidManifest.xml:29:13-44
56            android:value="2" />
56-->src/main/AndroidManifest.xml:30:13-30
57
58        <provider
58-->[:image_picker] AndroidManifest.xml:11:9-19:20
59            android:name="io.flutter.plugins.imagepicker.ImagePickerFileProvider"
59-->[:image_picker] AndroidManifest.xml:12:13-82
60            android:authorities="com.example.official_road_degradation_app.flutter.image_provider"
60-->[:image_picker] AndroidManifest.xml:13:13-74
61            android:exported="false"
61-->[:image_picker] AndroidManifest.xml:14:13-37
62            android:grantUriPermissions="true" >
62-->[:image_picker] AndroidManifest.xml:15:13-47
63            <meta-data
63-->[:image_picker] AndroidManifest.xml:16:13-18:75
64                android:name="android.support.FILE_PROVIDER_PATHS"
64-->[:image_picker] AndroidManifest.xml:17:17-67
65                android:resource="@xml/flutter_image_picker_file_paths" />
65-->[:image_picker] AndroidManifest.xml:18:17-72
66        </provider>
67
68        <service
68-->[com.google.firebase:firebase-analytics-ktx:18.0.2] AndroidManifest.xml:8:9-14:19
69            android:name="com.google.firebase.components.ComponentDiscoveryService"
69-->[com.google.firebase:firebase-analytics-ktx:18.0.2] AndroidManifest.xml:9:13-84
70            android:directBootAware="true"
70-->[com.google.firebase:firebase-common:19.5.0] AndroidManifest.xml:35:13-43
71            android:exported="false" >
71-->[com.google.firebase:firebase-analytics-ktx:18.0.2] AndroidManifest.xml:10:13-37
72            <meta-data
72-->[com.google.firebase:firebase-analytics-ktx:18.0.2] AndroidManifest.xml:11:13-13:85
73                android:name="com.google.firebase.components:com.google.firebase.analytics.ktx.FirebaseAnalyticsKtxRegistrar"
73-->[com.google.firebase:firebase-analytics-ktx:18.0.2] AndroidManifest.xml:12:17-126
74                android:value="com.google.firebase.components.ComponentRegistrar" />
74-->[com.google.firebase:firebase-analytics-ktx:18.0.2] AndroidManifest.xml:13:17-82
75            <meta-data
75-->[com.google.firebase:firebase-common-ktx:19.5.0] AndroidManifest.xml:15:13-17:85
76                android:name="com.google.firebase.components:com.google.firebase.ktx.FirebaseCommonKtxRegistrar"
76-->[com.google.firebase:firebase-common-ktx:19.5.0] AndroidManifest.xml:16:17-113
77                android:value="com.google.firebase.components.ComponentRegistrar" />
77-->[com.google.firebase:firebase-common-ktx:19.5.0] AndroidManifest.xml:17:17-82
78            <meta-data
78-->[com.google.firebase:firebase-database:19.7.0] AndroidManifest.xml:32:13-34:85
79                android:name="com.google.firebase.components:com.google.firebase.database.DatabaseRegistrar"
79-->[com.google.firebase:firebase-database:19.7.0] AndroidManifest.xml:33:17-109
80                android:value="com.google.firebase.components.ComponentRegistrar" />
80-->[com.google.firebase:firebase-database:19.7.0] AndroidManifest.xml:34:17-82
81            <meta-data
81-->[com.google.android.gms:play-services-measurement-api:18.0.2] AndroidManifest.xml:30:13-32:85
82                android:name="com.google.firebase.components:com.google.firebase.analytics.connector.internal.AnalyticsConnectorRegistrar"
82-->[com.google.android.gms:play-services-measurement-api:18.0.2] AndroidManifest.xml:31:17-139
83                android:value="com.google.firebase.components.ComponentRegistrar" />
83-->[com.google.android.gms:play-services-measurement-api:18.0.2] AndroidManifest.xml:32:17-82
84            <meta-data
84-->[com.google.firebase:firebase-installations:16.3.5] AndroidManifest.xml:18:13-20:85
85                android:name="com.google.firebase.components:com.google.firebase.installations.FirebaseInstallationsRegistrar"
85-->[com.google.firebase:firebase-installations:16.3.5] AndroidManifest.xml:19:17-127
86                android:value="com.google.firebase.components.ComponentRegistrar" />
86-->[com.google.firebase:firebase-installations:16.3.5] AndroidManifest.xml:20:17-82
87            <!--
88                This registrar is not defined in the dynamic-module-support sdk itself to allow non-firebase
89                clients to use it as well, by defining this registrar in their own core/common library.
90            -->
91            <meta-data
91-->[com.google.firebase:firebase-common:19.5.0] AndroidManifest.xml:43:13-45:85
92                android:name="com.google.firebase.components:com.google.firebase.dynamicloading.DynamicLoadingRegistrar"
92-->[com.google.firebase:firebase-common:19.5.0] AndroidManifest.xml:44:17-121
93                android:value="com.google.firebase.components.ComponentRegistrar" />
93-->[com.google.firebase:firebase-common:19.5.0] AndroidManifest.xml:45:17-82
94        </service>
95
96        <provider
96-->[com.google.firebase:firebase-common:19.5.0] AndroidManifest.xml:26:9-31:39
97            android:name="com.google.firebase.provider.FirebaseInitProvider"
97-->[com.google.firebase:firebase-common:19.5.0] AndroidManifest.xml:27:13-77
98            android:authorities="com.example.official_road_degradation_app.firebaseinitprovider"
98-->[com.google.firebase:firebase-common:19.5.0] AndroidManifest.xml:28:13-72
99            android:directBootAware="true"
99-->[com.google.firebase:firebase-common:19.5.0] AndroidManifest.xml:29:13-43
100            android:exported="false"
100-->[com.google.firebase:firebase-common:19.5.0] AndroidManifest.xml:30:13-37
101            android:initOrder="100" />
101-->[com.google.firebase:firebase-common:19.5.0] AndroidManifest.xml:31:13-36
102
103        <activity
103-->[com.google.android.gms:play-services-base:17.2.1] AndroidManifest.xml:23:9-26:75
104            android:name="com.google.android.gms.common.api.GoogleApiActivity"
104-->[com.google.android.gms:play-services-base:17.2.1] AndroidManifest.xml:24:13-79
105            android:exported="false"
105-->[com.google.android.gms:play-services-base:17.2.1] AndroidManifest.xml:25:13-37
106            android:theme="@android:style/Theme.Translucent.NoTitleBar" />
106-->[com.google.android.gms:play-services-base:17.2.1] AndroidManifest.xml:26:13-72
107
108        <receiver
108-->[com.google.android.gms:play-services-measurement:18.0.2] AndroidManifest.xml:29:9-33:20
109            android:name="com.google.android.gms.measurement.AppMeasurementReceiver"
109-->[com.google.android.gms:play-services-measurement:18.0.2] AndroidManifest.xml:30:13-85
110            android:enabled="true"
110-->[com.google.android.gms:play-services-measurement:18.0.2] AndroidManifest.xml:31:13-35
111            android:exported="false" >
111-->[com.google.android.gms:play-services-measurement:18.0.2] AndroidManifest.xml:32:13-37
112        </receiver>
113
114        <service
114-->[com.google.android.gms:play-services-measurement:18.0.2] AndroidManifest.xml:35:9-38:40
115            android:name="com.google.android.gms.measurement.AppMeasurementService"
115-->[com.google.android.gms:play-services-measurement:18.0.2] AndroidManifest.xml:36:13-84
116            android:enabled="true"
116-->[com.google.android.gms:play-services-measurement:18.0.2] AndroidManifest.xml:37:13-35
117            android:exported="false" />
117-->[com.google.android.gms:play-services-measurement:18.0.2] AndroidManifest.xml:38:13-37
118        <service
118-->[com.google.android.gms:play-services-measurement:18.0.2] AndroidManifest.xml:39:9-43:72
119            android:name="com.google.android.gms.measurement.AppMeasurementJobService"
119-->[com.google.android.gms:play-services-measurement:18.0.2] AndroidManifest.xml:40:13-87
120            android:enabled="true"
120-->[com.google.android.gms:play-services-measurement:18.0.2] AndroidManifest.xml:41:13-35
121            android:exported="false"
121-->[com.google.android.gms:play-services-measurement:18.0.2] AndroidManifest.xml:42:13-37
122            android:permission="android.permission.BIND_JOB_SERVICE" />
122-->[com.google.android.gms:play-services-measurement:18.0.2] AndroidManifest.xml:43:13-69
123
124        <meta-data
124-->[com.google.android.gms:play-services-basement:17.2.1] AndroidManifest.xml:23:9-25:69
125            android:name="com.google.android.gms.version"
125-->[com.google.android.gms:play-services-basement:17.2.1] AndroidManifest.xml:24:13-58
126            android:value="@integer/google_play_services_version" />
126-->[com.google.android.gms:play-services-basement:17.2.1] AndroidManifest.xml:25:13-66
127    </application>
128
129</manifest>